[03/Oct/2025:15:49:14 +0200] [INFO] ✅ NEW CONNECTION FOR CLIENT : 5 ON PORT : 8080
[03/Oct/2025:15:49:14 +0200] [DEBUG] fd 5 is now monitored by _poll_fds
[03/Oct/2025:15:49:14 +0200] [DEBUG] Client 5 can send a request : POLLIN
[03/Oct/2025:15:49:14 +0200] [DEBUG] Client 5 is ready to receive the end of the response's body : POLLOUT
[03/Oct/2025:15:49:14 +0200] [INFO] ✅ RESPONSE FULLY SENT TO CLIENT 5 IN 0s
[03/Oct/2025:15:49:14 +0200] [DEBUG] Client 5 can send a new request : POLLIN
[03/Oct/2025:15:49:15 +0200] [DEBUG] PROCESS CGI IDENTIFIED FOR FD 5
[03/Oct/2025:15:49:15 +0200] [DEBUG] fd 7 is now monitored by _poll_fds
[03/Oct/2025:15:49:15 +0200] [DEBUG] fd 8 is now monitored by _poll_fds
[03/Oct/2025:15:49:15 +0200] [DEBUG] Client 5 is processing request
[03/Oct/2025:15:49:15 +0200] [DEBUG] fd 7 is no longer monitored by _poll_fds
[03/Oct/2025:15:49:15 +0200] [DEBUG] fd 7 erased from active_cgi
[03/Oct/2025:15:49:15 +0200] [DEBUG] Client 5 is ready to receive the end of the response's body : POLLOUT
[03/Oct/2025:15:49:15 +0200] [DEBUG] CGI process 1583148 terminated exited with code: 0
[03/Oct/2025:15:49:16 +0200] [INFO] ✅ NEW CONNECTION FOR CLIENT : 6 ON PORT : 8080
[03/Oct/2025:15:49:16 +0200] [DEBUG] fd 6 is now monitored by _poll_fds
[03/Oct/2025:15:49:16 +0200] [DEBUG] Client 6 can send a request : POLLIN
[03/Oct/2025:15:49:26 +0200] [DEBUG] Client 5 has timed out
[03/Oct/2025:15:49:26 +0200] [DEBUG] fd 8 is no longer monitored by _poll_fds
[03/Oct/2025:15:49:26 +0200] [DEBUG] fd 8 erased from active_cgi
[03/Oct/2025:15:49:26 +0200] [DEBUG] CGI with PID 1583148 cleaned !
[03/Oct/2025:15:49:26 +0200] [DEBUG] fd 5 erased from _clients
[03/Oct/2025:15:49:36 +0200] [DEBUG] Client 6 has timed out
[03/Oct/2025:15:49:36 +0200] [DEBUG] fd 6 erased from _clients
